C:\Users\CRJ\Documents\GitHub\RepoX304\626.16E-008 (F02)\626.16E-008-037-3.dwg,Presentación1,28/04/2020 08:47:10,CRJ,DWG To PDF.pc3,ISO full bleed A3 (420.00 x 297.00 MM),1:1,
C:\Users\CRJ\Documents\GitHub\RepoX304\626.16E-008 (F02)\626.16E-008-036-5.dwg,Presentación1,28/04/2020 08:48:57,CRJ,DWG To PDF.pc3,ISO full bleed A3 (420.00 x 297.00 MM),1:1,
C:\Users\CRJ\Documents\GitHub\RepoX304\626.16E-008 (F02)\626.16E-008-033-3.dwg,Presentación1,28/04/2020 08:51:45,CRJ,DWG To PDF.pc3,ISO full bleed A3 (420.00 x 297.00 MM),1:1,
C:\Users\CRJ\Documents\GitHub\RepoX304\626.16E-008 (F02)\626.16E-008-032-3.dwg,Presentación1,28/04/2020 08:52:55,CRJ,DWG To PDF.pc3,ISO full bleed A3 (420.00 x 297.00 MM),1:1,
C:\Users\CRJ\Documents\GitHub\RepoX304\626.16E-008 (F02)\626.16E-008-031-3.dwg,Presentación1,28/04/2020 08:54:05,CRJ,DWG To PDF.pc3,ISO full bleed A3 (420.00 x 297.00 MM),1:1,
C:\Users\CRJ\Documents\GitHub\RepoX304\626.16E-008 (F02)\626.16E-008-030-3.dwg,Presentación1,28/04/2020 09:00:28,CRJ,DWG To PDF.pc3,ISO full bleed A3 (420.00 x 297.00 MM),1:1,
C:\Users\CRJ\Documents\GitHub\RepoX304\626.16E-008 (F02)\626.16E-008-005-3.dwg,Presentación1,28/04/2020 09:01:44,CRJ,DWG To PDF.pc3,ISO full bleed A3 (420.00 x 297.00 MM),1:1,
C:\Users\CRJ\Documents\GitHub\RepoX304\626.16E-008 (F02)\626.16E-008-003-3.dwg,Presentación1,28/04/2020 09:03:27,CRJ,DWG To PDF.pc3,ISO full bleed A3 (420.00 x 297.00 MM),1:1,
C:\Users\CRJ\Documents\GitHub\RepoX304\626.16E-008 (F02)\626.16E-008-001-4.dwg,Layout1,28/04/2020 09:04:36,CRJ,DWG To PDF.pc3,ISO full bleed A3 (420.00 x 297.00 MM),1:1,
C:\Users\CRJ\Documents\GitHub\RepoX304\626.16E-008 (F02)\626.16E-008-039-5.dwg,Layout1,28/04/2020 09:05:19,CRJ,DWG To PDF.pc3,ISO full bleed A3 (420.00 x 297.00 MM),1:1,
C:\Users\CRJ\Documents\GitHub\RepoX304\626.16E-008 (F02)\626.16E-008-047-3.dwg,Presentación1,28/04/2020 09:09:09,CRJ,DWG To PDF.pc3,ISO full bleed A3 (420.00 x 297.00 MM),1:1,
C:\Users\CRJ\Documents\GitHub\RepoX304\626.16E-008 (F02)\626.16E-008-045-3.dwg,Presentación1,28/04/2020 09:11:25,CRJ,DWG To PDF.pc3,ISO full bleed A3 (420.00 x 297.00 MM),1:1,
C:\Users\CRJ\Documents\GitHub\RepoX304\626.16E-008 (F02)\626.16E-008-044-3.dwg,Presentación1,28/04/2020 09:12:37,CRJ,DWG To PDF.pc3,ISO full bleed A3 (420.00 x 297.00 MM),1:1,
C:\Users\CRJ\Documents\GitHub\RepoX304\626.16E-008 (F02)\626.16E-008-043-3.dwg,Presentación1,28/04/2020 09:13:37,CRJ,DWG To PDF.pc3,ISO full bleed A3 (420.00 x 297.00 MM),1:1,
C:\Users\CRJ\Documents\GitHub\RepoX304\626.16E-008 (F02)\626.16E-008-042-3.dwg,Presentación1,28/04/2020 09:14:29,CRJ,DWG To PDF.pc3,ISO full bleed A3 (420.00 x 297.00 MM),1:1,
C:\Users\CRJ\Documents\GitHub\RepoX304\626.16E-008 (F02)\626.16E-008-048-3.dwg,Presentación1,28/04/2020 09:16:20,CRJ,DWG To PDF.pc3,ISO full bleed A3 (420.00 x 297.00 MM),1:1,
C:\Users\CRJ\Documents\GitHub\RepoX304\626.16E-007 (L50)\626.16E-007-051-3.dwg,Presentación1,28/04/2020 10:15:22,CRJ,DWG To PDF.pc3,ISO full bleed A3 (420.00 x 297.00 MM),1:1,
C:\Users\CRJ\Documents\GitHub\RepoX304\626.16E-008 (F02)\626.16E-008-064-3.dwg,Presentación1,29/04/2020 09:01:52,CRJ,DWG To PDF.pc3,ISO full bleed A3 (420.00 x 297.00 MM),1:1,
C:\Users\CRJ\Documents\GitHub\RepoX304\626.16E-008 (F02)\626.16E-008-062-3.dwg,Presentación1,29/04/2020 09:03:16,CRJ,DWG To PDF.pc3,ISO full bleed A3 (420.00 x 297.00 MM),1:1,
C:\Users\CRJ\Documents\GitHub\RepoX304\626.16E-008 (F02)\626.16E-008-060-3.dwg,Presentación1,29/04/2020 09:04:42,CRJ,DWG To PDF.pc3,ISO full bleed A3 (420.00 x 297.00 MM),1:1,
C:\Users\CRJ\Documents\GitHub\RepoX304\626.16E-008 (F02)\626.16E-008-058-3.dwg,Presentación1,29/04/2020 09:07:28,CRJ,DWG To PDF.pc3,ISO full bleed A3 (420.00 x 297.00 MM),1:1,
C:\Users\CRJ\Documents\GitHub\RepoX304\626.16E-008 (F02)\626.16E-008-056-3.dwg,Presentación1,29/04/2020 09:08:36,CRJ,DWG To PDF.pc3,ISO full bleed A3 (420.00 x 297.00 MM),1:1,
C:\Users\CRJ\Documents\GitHub\RepoX304\626.16E-008 (F02)\626.16E-008-054-3.dwg,Presentación1,29/04/2020 09:09:57,CRJ,DWG To PDF.pc3,ISO full bleed A3 (420.00 x 297.00 MM),1:1,
C:\Users\CRJ\Documents\GitHub\RepoX304\626.16E-008 (F02)\626.16E-008-052-3.dwg,Presentación1,29/04/2020 09:11:18,CRJ,DWG To PDF.pc3,ISO full bleed A3 (420.00 x 297.00 MM),1:1,
C:\Users\CRJ\Documents\GitHub\RepoX304\626.16E-008 (F02)\626.16E-008-050-3.DWG,Presentación1,29/04/2020 09:12:17,CRJ,DWG To PDF.pc3,ISO full bleed A3 (420.00 x 297.00 MM),1:1,
C:\Users\CRJ\Documents\GitHub\RepoX304\626.16E-008 (F02)\626.16E-008-068-3.dwg,Presentación1,29/04/2020 09:13:23,CRJ,DWG To PDF.pc3,ISO full bleed A3 (420.00 x 297.00 MM),1:1,
C:\Users\CRJ\Documents\GitHub\RepoX304\626.16E-008 (F02)\626.16E-008-082-3.DWG,Presentación1,29/04/2020 09:15:08,CRJ,DWG To PDF.pc3,ISO full bleed A3 (420.00 x 297.00 MM),1:1,
C:\Users\CRJ\Documents\GitHub\RepoX304\626.16E-008 (F02)\626.16E-008-082-3.DWG,Presentación1,29/04/2020 09:16:44,CRJ,DWG To PDF.pc3,ISO full bleed A3 (420.00 x 297.00 MM),1:1,
C:\Users\CRJ\Documents\GitHub\RepoX304\626.16E-008 (F02)\626.16E-008-080-3.dwg,Presentación1,29/04/2020 09:17:42,CRJ,DWG To PDF.pc3,ISO full bleed A3 (420.00 x 297.00 MM),1:1,
C:\Users\CRJ\Documents\GitHub\RepoX304\626.16E-008 (F02)\626.16E-008-078-3.DWG,Presentación1,29/04/2020 09:18:55,CRJ,DWG To PDF.pc3,ISO full bleed A3 (420.00 x 297.00 MM),1:1,
C:\Users\CRJ\Documents\GitHub\RepoX304\626.16E-008 (F02)\626.16E-008-076-3.dwg,Presentación1,29/04/2020 09:20:19,CRJ,DWG To PDF.pc3,ISO full bleed A3 (420.00 x 297.00 MM),1:1,
C:\Users\CRJ\Documents\GitHub\RepoX304\626.16E-008 (F02)\626.16E-008-074-3.dwg,Presentación1,29/04/2020 09:22:07,CRJ,DWG To PDF.pc3,ISO full bleed A3 (420.00 x 297.00 MM),1:1,
C:\Users\CRJ\Documents\GitHub\RepoX304\626.16E-008 (F02)\626.16E-008-072-3.DWG,Presentación1,29/04/2020 09:23:31,CRJ,DWG To PDF.pc3,ISO full bleed A3 (420.00 x 297.00 MM),1:1,
C:\Users\CRJ\Documents\GitHub\RepoX304\626.16E-008 (F02)\626.16E-008-070-3.dwg,Presentación1,29/04/2020 09:24:25,CRJ,DWG To PDF.pc3,ISO full bleed A3 (420.00 x 297.00 MM),1:1,
C:\Users\CRJ\Documents\GitHub\RepoX304\626.16E-008 (F02)\626.16E-008-070-3.dwg,Presentación1,29/04/2020 09:24:59,CRJ,DWG To PDF.pc3,ISO full bleed A3 (420.00 x 297.00 MM),1:1,
C:\Users\CRJ\Documents\GitHub\RepoX304\626.16E-008 (F02)\626.16E-008-084-4.DWG,Layout1,29/04/2020 09:26:21,CRJ,DWG To PDF.pc3,ISO full bleed A3 (420.00 x 297.00 MM),1:1,
C:\Users\CRJ\Documents\GitHub\RepoX304\626.16E-008 (F02)\626.16E-008-092-4.dwg,Presentación1,29/04/2020 09:27:37,CRJ,DWG To PDF.pc3,ISO full bleed A3 (420.00 x 297.00 MM),1:1,
C:\Users\CRJ\Documents\GitHub\RepoX304\626.16E-008 (F02)\626.16E-008-090-4.dwg,Presentación1,29/04/2020 09:28:15,CRJ,DWG To PDF.pc3,ISO full bleed A3 (420.00 x 297.00 MM),1:1,
C:\Users\CRJ\Documents\GitHub\RepoX304\626.16E-008 (F02)\626.16E-008-094-4.dwg,Presentación1,29/04/2020 09:28:52,CRJ,DWG To PDF.pc3,ISO full bleed A3 (420.00 x 297.00 MM),1:1,
C:\Users\CRJ\Documents\GitHub\RepoX304\626.16E-008 (F02)\626.16E-008-126-4.dwg,Presentación1,29/04/2020 09:32:22,CRJ,DWG To PDF.pc3,ISO full bleed A3 (420.00 x 297.00 MM),1:1,
C:\Users\CRJ\Documents\GitHub\RepoX304\626.16E-008 (F02)\626.16E-008-124-4.dwg,Presentación1,29/04/2020 09:33:30,CRJ,DWG To PDF.pc3,ISO full bleed A3 (420.00 x 297.00 MM),1:1,
C:\Users\CRJ\Documents\GitHub\RepoX304\626.16E-008 (F02)\626.16E-008-123-3.dwg,Presentación1,29/04/2020 09:34:46,CRJ,DWG To PDF.pc3,ISO full bleed A3 (420.00 x 297.00 MM),1:1,
C:\Users\CRJ\Documents\GitHub\RepoX304\626.16E-008 (F02)\626.16E-008-120-4.dwg,Presentación1,29/04/2020 09:35:38,CRJ,DWG To PDF.pc3,ISO full bleed A3 (420.00 x 297.00 MM),1:1,
C:\Users\CRJ\Documents\GitHub\RepoX304\626.16E-008 (F02)\626.16E-008-112-3.dwg,Presentación1,29/04/2020 09:36:33,CRJ,DWG To PDF.pc3,ISO full bleed A3 (420.00 x 297.00 MM),1:1,
C:\Users\CRJ\Documents\GitHub\RepoX304\626.16E-008 (F02)\626.16E-008-110-3.DWG,Presentación1,29/04/2020 09:37:49,CRJ,DWG To PDF.pc3,ISO full bleed A3 (420.00 x 297.00 MM),1:1,
C:\Users\CRJ\Documents\GitHub\RepoX304\626.16E-008 (F02)\626.16E-008-110-3.DWG,Presentación1,29/04/2020 09:38:51,CRJ,DWG To PDF.pc3,ISO full bleed A3 (420.00 x 297.00 MM),1:1,
C:\Users\CRJ\Documents\GitHub\RepoX304\626.16E-008 (F02)\626.16E-008-108-3.DWG,Presentación1,29/04/2020 09:39:50,CRJ,DWG To PDF.pc3,ISO full bleed A3 (420.00 x 297.00 MM),1:1,
C:\Users\CRJ\Documents\GitHub\RepoX304\626.16E-008 (F02)\626.16E-008-104-3.dwg,Presentación1,29/04/2020 09:41:22,CRJ,DWG To PDF.pc3,ISO full bleed A3 (420.00 x 297.00 MM),1:1,
C:\Users\CRJ\Documents\GitHub\RepoX304\626.16E-008 (F02)\626.16E-008-100-3.dwg,Presentación1,29/04/2020 09:42:12,CRJ,DWG To PDF.pc3,ISO full bleed A3 (420.00 x 297.00 MM),1:1,
C:\Users\CRJ\Documents\GitHub\RepoX304\626.16E-008 (F02)\626.16E-008-128-4.dwg,Presentación1,29/04/2020 09:43:03,CRJ,DWG To PDF.pc3,ISO full bleed A3 (420.00 x 297.00 MM),1:1,
C:\Users\CRJ\Documents\GitHub\RepoX304\626.16E-008 (F02)\626.16E-008-146-4.dwg,Presentación1,29/04/2020 09:44:30,CRJ,DWG To PDF.pc3,ISO full bleed A3 (420.00 x 297.00 MM),1:1,
C:\Users\CRJ\Documents\GitHub\RepoX304\626.16E-008 (F02)\626.16E-008-144-3.DWG,Presentación1,29/04/2020 09:45:57,CRJ,DWG To PDF.pc3,ISO full bleed A3 (420.00 x 297.00 MM),1:1,
C:\Users\CRJ\Documents\GitHub\RepoX304\626.16E-008 (F02)\626.16E-008-143-3.dwg,Presentación1,29/04/2020 09:46:44,CRJ,DWG To PDF.pc3,ISO full bleed A3 (420.00 x 297.00 MM),1:1,
C:\Users\CRJ\Documents\GitHub\RepoX304\626.16E-008 (F02)\626.16E-008-140-4.dwg,Presentación1,29/04/2020 09:50:14,CRJ,DWG To PDF.pc3,ISO full bleed A3 (420.00 x 297.00 MM),1:1,
C:\Users\CRJ\Documents\GitHub\RepoX304\626.16E-008 (F02)\626.16E-008-138-3.dwg,Presentación1,29/04/2020 09:52:04,CRJ,DWG To PDF.pc3,ISO full bleed A3 (420.00 x 297.00 MM),1:1,
C:\Users\CRJ\Documents\GitHub\RepoX304\626.16E-008 (F02)\626.16E-008-136-4.dwg,Presentación1,29/04/2020 09:52:33,CRJ,DWG To PDF.pc3,ISO full bleed A3 (420.00 x 297.00 MM),1:1,
C:\Users\CRJ\Documents\GitHub\RepoX304\626.16E-008 (F02)\626.16E-008-136-4.dwg,Presentación1,29/04/2020 09:58:47,CRJ,DWG To PDF.pc3,ISO full bleed A3 (420.00 x 297.00 MM),1:1,
C:\Users\CRJ\Documents\GitHub\RepoX304\626.16E-008 (F02)\626.16E-008-134-5.dwg,Presentación1,29/04/2020 09:59:42,CRJ,DWG To PDF.pc3,ISO full bleed A3 (420.00 x 297.00 MM),1:1,
C:\Users\CRJ\Documents\GitHub\RepoX304\626.16E-008 (F02)\626.16E-008-132-4.dwg,Presentación1,29/04/2020 10:01:04,CRJ,DWG To PDF.pc3,ISO full bleed A3 (420.00 x 297.00 MM),1:1,
C:\Users\CRJ\Documents\GitHub\RepoX304\626.16E-008 (F02)\626.16E-008-132-4.dwg,Presentación1,29/04/2020 10:01:41,CRJ,DWG To PDF.pc3,ISO full bleed A3 (420.00 x 297.00 MM),1:1,
C:\Users\CRJ\Documents\GitHub\RepoX304\626.16E-008 (F02)\626.16E-008-130-4.dwg,Presentación1,29/04/2020 10:09:08,CRJ,DWG To PDF.pc3,ISO full bleed A3 (420.00 x 297.00 MM),1:1,
C:\Users\CRJ\Documents\GitHub\RepoX304\626.16E-008 (F02)\626.16E-008-130-4.dwg,Presentación1,29/04/2020 10:09:29,CRJ,DWG To PDF.pc3,ISO full bleed A3 (420.00 x 297.00 MM),1:1,
C:\Users\CRJ\Documents\GitHub\RepoX304\626.16E-008 (F02)\626.16E-008-148-4.dwg,Presentación1,29/04/2020 10:10:28,CRJ,DWG To PDF.pc3,ISO full bleed A3 (420.00 x 297.00 MM),1:1,
C:\Users\CRJ\Documents\GitHub\RepoX304\626.16E-008 (F02)\626.16E-008-168-3.dwg,Presentación1,29/04/2020 10:23:35,CRJ,DWG To PDF.pc3,ISO full bleed A3 (420.00 x 297.00 MM),1:1,
C:\Users\CRJ\Documents\GitHub\RepoX304\626.16E-008 (F02)\626.16E-008-166-3.dwg,Presentación1,29/04/2020 10:27:51,CRJ,DWG To PDF.pc3,ISO full bleed A3 (420.00 x 297.00 MM),1:1,
C:\Users\CRJ\Documents\GitHub\RepoX304\626.16E-008 (F02)\626.16E-008-164-3.dwg,Presentación1,29/04/2020 10:29:33,CRJ,DWG To PDF.pc3,ISO full bleed A3 (420.00 x 297.00 MM),1:1,
C:\Users\CRJ\Documents\GitHub\RepoX304\626.16E-008 (F02)\626.16E-008-162-3.DWG,Presentación1,29/04/2020 10:31:55,CRJ,DWG To PDF.pc3,ISO full bleed A3 (420.00 x 297.00 MM),1:1,
C:\Users\CRJ\Documents\GitHub\RepoX304\626.16E-008 (F02)\626.16E-008-161-3.dwg,Presentación1,29/04/2020 10:33:32,CRJ,DWG To PDF.pc3,ISO full bleed A3 (420.00 x 297.00 MM),1:1,
C:\Users\CRJ\Documents\GitHub\RepoX304\626.16E-008 (F02)\626.16E-008-160-3.dwg,Presentación1,29/04/2020 10:35:17,CRJ,DWG To PDF.pc3,ISO full bleed A3 (420.00 x 297.00 MM),1:1,
C:\Users\CRJ\Documents\GitHub\RepoX304\626.16E-008 (F02)\626.16E-008-160-3.dwg,Presentación1,29/04/2020 10:35:58,CRJ,DWG To PDF.pc3,ISO full bleed A3 (420.00 x 297.00 MM),1:1,
C:\Users\CRJ\Documents\GitHub\RepoX304\626.16E-008 (F02)\626.16E-008-160-3.dwg,Presentación1,29/04/2020 10:36:38,CRJ,DWG To PDF.pc3,ISO full bleed A3 (420.00 x 297.00 MM),1:1,
C:\Users\CRJ\Documents\GitHub\RepoX304\626.16E-008 (F02)\626.16E-008-158-3.dwg,Presentación1,29/04/2020 10:37:30,CRJ,DWG To PDF.pc3,ISO full bleed A3 (420.00 x 297.00 MM),1:1,
C:\Users\CRJ\Documents\GitHub\RepoX304\626.16E-008 (F02)\626.16E-008-156-4.dwg,Presentación1,29/04/2020 10:38:47,CRJ,DWG To PDF.pc3,ISO full bleed A3 (420.00 x 297.00 MM),1:1,
C:\Users\CRJ\Documents\GitHub\RepoX304\626.16E-008 (F02)\626.16E-008-154-5.dwg,Presentación1,29/04/2020 10:40:03,CRJ,DWG To PDF.pc3,ISO full bleed A3 (420.00 x 297.00 MM),1:1,
C:\Users\CRJ\Documents\GitHub\RepoX304\626.16E-008 (F02)\626.16E-008-152-4.dwg,Presentación1,29/04/2020 10:41:23,CRJ,DWG To PDF.pc3,ISO full bleed A3 (420.00 x 297.00 MM),1:1,
C:\Users\CRJ\Documents\GitHub\RepoX304\626.16E-008 (F02)\626.16E-008-150-4.dwg,Presentación1,29/04/2020 10:42:22,CRJ,DWG To PDF.pc3,ISO full bleed A3 (420.00 x 297.00 MM),1:1,
C:\Users\CRJ\Documents\GitHub\RepoX304\626.16E-008 (F02)\626.16E-008-150-4.dwg,Presentación1,29/04/2020 10:42:44,CRJ,DWG To PDF.pc3,ISO full bleed A3 (420.00 x 297.00 MM),1:1,
C:\Users\CRJ\Documents\GitHub\RepoX304\626.16E-008 (F02)\626.16E-008-170-3.DWG,Presentación1,29/04/2020 10:44:01,CRJ,DWG To PDF.pc3,ISO full bleed A3 (420.00 x 297.00 MM),1:1,
C:\Users\CRJ\Documents\GitHub\RepoX304\626.16E-008 (F02)\626.16E-008-188-3.dwg,Presentación1,29/04/2020 10:46:28,CRJ,DWG To PDF.pc3,ISO full bleed A3 (420.00 x 297.00 MM),1:1,
C:\Users\CRJ\Documents\GitHub\RepoX304\626.16E-008 (F02)\626.16E-008-188-3.dwg,Presentación1,29/04/2020 10:47:59,CRJ,DWG To PDF.pc3,ISO full bleed A3 (420.00 x 297.00 MM),1:1,
C:\Users\CRJ\Documents\GitHub\RepoX304\626.16E-008 (F02)\626.16E-008-186-3.DWG,Presentación1,29/04/2020 10:49:47,CRJ,DWG To PDF.pc3,ISO full bleed A3 (420.00 x 297.00 MM),1:1,
C:\Users\CRJ\Documents\GitHub\RepoX304\626.16E-008 (F02)\626.16E-008-186-3.DWG,Presentación1,29/04/2020 10:50:00,CRJ,DWG To PDF.pc3,ISO full bleed A3 (420.00 x 297.00 MM),1:1,
C:\Users\CRJ\Documents\GitHub\RepoX304\626.16E-008 (F02)\626.16E-008-184-3.dwg,Presentación1,29/04/2020 10:51:43,CRJ,DWG To PDF.pc3,ISO full bleed A3 (420.00 x 297.00 MM),1:1,
C:\Users\CRJ\Documents\GitHub\RepoX304\626.16E-008 (F02)\626.16E-008-184-3.dwg,Presentación1,29/04/2020 10:52:04,CRJ,DWG To PDF.pc3,ISO full bleed A3 (420.00 x 297.00 MM),1:1,
C:\Users\CRJ\Documents\GitHub\RepoX304\626.16E-008 (F02)\626.16E-008-182-3.DWG,Presentación1,29/04/2020 10:53:39,CRJ,DWG To PDF.pc3,ISO full bleed A3 (420.00 x 297.00 MM),1:1,
C:\Users\CRJ\Documents\GitHub\RepoX304\626.16E-008 (F02)\626.16E-008-181-3.dwg,Presentación1,29/04/2020 10:54:24,CRJ,DWG To PDF.pc3,ISO full bleed A3 (420.00 x 297.00 MM),1:1,
C:\Users\CRJ\Documents\GitHub\RepoX304\626.16E-008 (F02)\626.16E-008-180-3.dwg,Presentación1,29/04/2020 10:55:32,CRJ,DWG To PDF.pc3,ISO full bleed A3 (420.00 x 297.00 MM),1:1,
C:\Users\CRJ\Documents\GitHub\RepoX304\626.16E-008 (F02)\626.16E-008-180-3.dwg,Presentación1,29/04/2020 10:55:54,CRJ,DWG To PDF.pc3,ISO full bleed A3 (420.00 x 297.00 MM),1:1,
C:\Users\CRJ\Documents\GitHub\RepoX304\626.16E-008 (F02)\626.16E-008-178-3.dwg,Presentación1,29/04/2020 10:56:39,CRJ,DWG To PDF.pc3,ISO full bleed A3 (420.00 x 297.00 MM),1:1,
C:\Users\CRJ\Documents\GitHub\RepoX304\626.16E-008 (F02)\626.16E-008-176-4.dwg,Presentación1,29/04/2020 10:58:10,CRJ,DWG To PDF.pc3,ISO full bleed A3 (420.00 x 297.00 MM),1:1,
C:\Users\CRJ\Documents\GitHub\RepoX304\626.16E-008 (F02)\626.16E-008-174-4.dwg,Presentación1,29/04/2020 10:59:00,CRJ,DWG To PDF.pc3,ISO full bleed A3 (420.00 x 297.00 MM),1:1,
C:\Users\CRJ\Documents\GitHub\RepoX304\626.16E-008 (F02)\626.16E-008-172-4.dwg,Presentación1,29/04/2020 10:59:56,CRJ,DWG To PDF.pc3,ISO full bleed A3 (420.00 x 297.00 MM),1:1,
C:\Users\CRJ\Documents\GitHub\RepoX304\626.16E-008 (F02)\626.16E-008-172-4.dwg,Presentación1,29/04/2020 11:00:23,CRJ,DWG To PDF.pc3,ISO full bleed A3 (420.00 x 297.00 MM),1:1,
C:\Users\CRJ\Documents\GitHub\RepoX304\626.16E-008 (F02)\626.16E-008-190-4.dwg,Presentación1,29/04/2020 11:01:37,CRJ,DWG To PDF.pc3,ISO full bleed A3 (420.00 x 297.00 MM),1:1,
C:\Users\CRJ\Documents\GitHub\RepoX304\626.16E-008 (F02)\626.16E-008-212-3.DWG,Presentación1,29/04/2020 11:03:02,CRJ,DWG To PDF.pc3,ISO full bleed A3 (420.00 x 297.00 MM),1:1,
C:\Users\CRJ\Documents\GitHub\RepoX304\626.16E-008 (F02)\626.16E-008-210-4.dwg,Presentación1,29/04/2020 11:07:33,CRJ,DWG To PDF.pc3,ISO full bleed A3 (420.00 x 297.00 MM),1:1,
C:\Users\CRJ\Documents\GitHub\RepoX304\626.16E-008 (F02)\626.16E-008-208-4.dwg,Presentación1,29/04/2020 11:08:58,CRJ,DWG To PDF.pc3,ISO full bleed A3 (420.00 x 297.00 MM),1:1,
C:\Users\CRJ\Documents\GitHub\RepoX304\626.16E-008 (F02)\626.16E-008-206-5.dwg,Presentación1,29/04/2020 11:09:34,CRJ,DWG To PDF.pc3,ISO full bleed A3 (420.00 x 297.00 MM),1:1,
C:\Users\CRJ\Documents\GitHub\RepoX304\626.16E-008 (F02)\626.16E-008-204-3.DWG,Presentación1,29/04/2020 11:10:35,CRJ,DWG To PDF.pc3,ISO full bleed A3 (420.00 x 297.00 MM),1:1,
C:\Users\CRJ\Documents\GitHub\RepoX304\626.16E-008 (F02)\626.16E-008-202-4.dwg,Presentación1,29/04/2020 11:11:39,CRJ,DWG To PDF.pc3,ISO full bleed A3 (420.00 x 297.00 MM),1:1,
C:\Users\CRJ\Documents\GitHub\RepoX304\626.16E-008 (F02)\626.16E-008-200-3.dwg,Presentación1,29/04/2020 11:13:18,CRJ,DWG To PDF.pc3,ISO full bleed A3 (420.00 x 297.00 MM),1:1,
C:\Users\CRJ\Documents\GitHub\RepoX304\626.16E-008 (F02)\626.16E-008-200-3.dwg,Presentación1,29/04/2020 11:13:42,CRJ,DWG To PDF.pc3,ISO full bleed A3 (420.00 x 297.00 MM),1:1,
C:\Users\CRJ\Documents\GitHub\RepoX304\626.16E-008 (F02)\626.16E-008-196-4.dwg,Presentación1,29/04/2020 11:16:44,CRJ,DWG To PDF.pc3,ISO full bleed A3 (420.00 x 297.00 MM),1:1,
C:\Users\CRJ\Documents\GitHub\RepoX304\626.16E-008 (F02)\626.16E-008-194-4.dwg,Presentación1,29/04/2020 11:17:33,CRJ,DWG To PDF.pc3,ISO full bleed A3 (420.00 x 297.00 MM),1:1,
C:\Users\CRJ\Documents\GitHub\RepoX304\626.16E-008 (F02)\626.16E-008-192-4.dwg,Presentación1,29/04/2020 11:18:38,CRJ,DWG To PDF.pc3,ISO full bleed A3 (420.00 x 297.00 MM),1:1,
C:\Users\CRJ\Documents\GitHub\RepoX304\626.16E-008 (F02)\626.16E-008-220-3.dwg,Presentación1,29/04/2020 11:20:11,CRJ,DWG To PDF.pc3,ISO full bleed A3 (420.00 x 297.00 MM),1:1,
C:\Users\CRJ\Documents\GitHub\RepoX304\626.16E-008 (F02)\626.16E-008-220-3.dwg,Presentación1,29/04/2020 11:20:41,CRJ,DWG To PDF.pc3,ISO full bleed A3 (420.00 x 297.00 MM),1:1,
C:\Users\CRJ\Documents\GitHub\RepoX304\626.16E-008 (F02)\626.16E-008-246-4.dwg,Presentación1,29/04/2020 11:21:53,CRJ,DWG To PDF.pc3,ISO full bleed A3 (420.00 x 297.00 MM),1:1,
C:\Users\CRJ\Documents\GitHub\RepoX304\626.16E-008 (F02)\626.16E-008-244-3.dwg,Presentación1,29/04/2020 11:22:44,CRJ,DWG To PDF.pc3,ISO full bleed A3 (420.00 x 297.00 MM),1:1,
C:\Users\CRJ\Documents\GitHub\RepoX304\626.16E-008 (F02)\626.16E-008-242-4.dwg,Presentación1,29/04/2020 11:24:04,CRJ,DWG To PDF.pc3,ISO full bleed A3 (420.00 x 297.00 MM),1:1,
C:\Users\CRJ\Documents\GitHub\RepoX304\626.16E-008 (F02)\626.16E-008-240-3.dwg,Presentación1,29/04/2020 11:25:01,CRJ,DWG To PDF.pc3,ISO full bleed A3 (420.00 x 297.00 MM),1:1,
C:\Users\CRJ\Documents\GitHub\RepoX304\626.16E-008 (F02)\626.16E-008-232-3.dwg,Presentación1,29/04/2020 11:26:55,CRJ,DWG To PDF.pc3,ISO full bleed A3 (420.00 x 297.00 MM),1:1,
C:\Users\CRJ\Documents\GitHub\RepoX304\626.16E-008 (F02)\626.16E-008-232-3.dwg,Presentación1,29/04/2020 11:27:06,CRJ,DWF6 ePlot.pc3,ISO full bleed A3 (420.00 x 297.00 MM),1:1,
C:\Users\CRJ\Documents\GitHub\RepoX304\626.16E-008 (F02)\626.16E-008-232-3.dwg,Presentación1,29/04/2020 11:27:33,CRJ,DWG To PDF.pc3,ISO full bleed A3 (420.00 x 297.00 MM),1:1,
C:\Users\CRJ\Documents\GitHub\RepoX304\626.16E-008 (F02)\626.16E-008-232-3.dwg,Presentación1,29/04/2020 11:28:12,CRJ,DWG To PDF.pc3,ISO full bleed A3 (420.00 x 297.00 MM),1:1,
C:\Users\CRJ\Documents\GitHub\RepoX304\626.16E-008 (F02)\626.16E-008-230-4.dwg,Presentación1,29/04/2020 11:29:55,CRJ,DWG To PDF.pc3,ISO full bleed A3 (420.00 x 297.00 MM),1:1,
C:\Users\CRJ\Documents\GitHub\RepoX304\626.16E-008 (F02)\626.16E-008-228-4.dwg,Presentación1,29/04/2020 11:30:43,CRJ,DWG To PDF.pc3,ISO full bleed A3 (420.00 x 297.00 MM),1:1,
C:\Users\CRJ\Documents\GitHub\RepoX304\626.16E-008 (F02)\626.16E-008-226-4.dwg,Presentación1,29/04/2020 11:31:36,CRJ,DWG To PDF.pc3,ISO full bleed A3 (420.00 x 297.00 MM),1:1,
C:\Users\CRJ\Documents\GitHub\RepoX304\626.16E-008 (F02)\626.16E-008-226-4.dwg,Presentación1,29/04/2020 11:32:01,CRJ,DWG To PDF.pc3,ISO full bleed A3 (420.00 x 297.00 MM),1:1,
C:\Users\CRJ\Documents\GitHub\RepoX304\626.16E-008 (F02)\626.16E-008-224-3.dwg,Presentación1,29/04/2020 11:33:06,CRJ,DWG To PDF.pc3,ISO full bleed A3 (420.00 x 297.00 MM),1:1,
C:\Users\CRJ\Documents\GitHub\RepoX304\626.16E-008 (F02)\626.16E-008-222-4.dwg,Presentación1,29/04/2020 11:34:36,CRJ,DWG To PDF.pc3,ISO full bleed A3 (420.00 x 297.00 MM),1:1,
C:\Users\CRJ\Documents\GitHub\RepoX304\626.16E-008 (F02)\626.16E-008-248-4.dwg,Presentación1,29/04/2020 11:36:51,CRJ,DWG To PDF.pc3,ISO full bleed A3 (420.00 x 297.00 MM),1:1,
C:\Users\CRJ\Documents\GitHub\RepoX304\626.16E-008 (F02)\626.16E-008-248-4.dwg,Presentación1,29/04/2020 11:38:01,CRJ,DWG To PDF.pc3,ISO full bleed A3 (420.00 x 297.00 MM),1:1,
C:\Users\CRJ\Documents\GitHub\RepoX304\626.16E-008 (F02)\626.16E-008-276-4.dwg,Presentación1,29/04/2020 11:39:24,CRJ,DWG To PDF.pc3,ISO full bleed A3 (420.00 x 297.00 MM),1:1,
C:\Users\CRJ\Documents\GitHub\RepoX304\626.16E-008 (F02)\626.16E-008-274-4.dwg,Presentación1,29/04/2020 11:40:23,CRJ,DWG To PDF.pc3,ISO full bleed A3 (420.00 x 297.00 MM),1:1,
C:\Users\CRJ\Documents\GitHub\RepoX304\626.16E-008 (F02)\626.16E-008-272-4.dwg,Presentación1,29/04/2020 11:41:28,CRJ,DWG To PDF.pc3,ISO full bleed A3 (420.00 x 297.00 MM),1:1,
C:\Users\CRJ\Documents\GitHub\RepoX304\626.16E-008 (F02)\626.16E-008-270-3.DWG,Presentación1,29/04/2020 11:42:48,CRJ,DWG To PDF.pc3,ISO full bleed A3 (420.00 x 297.00 MM),1:1,
C:\Users\CRJ\Documents\GitHub\RepoX304\626.16E-008 (F02)\626.16E-008-268-3.dwg,Presentación1,29/04/2020 11:44:03,CRJ,DWG To PDF.pc3,ISO full bleed A3 (420.00 x 297.00 MM),1:1,
C:\Users\CRJ\Documents\GitHub\RepoX304\626.16E-008 (F02)\626.16E-008-266-3.DWG,Presentación1,29/04/2020 11:45:00,CRJ,DWG To PDF.pc3,ISO full bleed A3 (420.00 x 297.00 MM),1:1,
C:\Users\CRJ\Documents\GitHub\RepoX304\626.16E-008 (F02)\626.16E-008-266-3.DWG,Presentación1,29/04/2020 11:45:44,CRJ,DWG To PDF.pc3,ISO full bleed A3 (420.00 x 297.00 MM),1:1,
C:\Users\CRJ\Documents\GitHub\RepoX304\626.16E-008 (F02)\626.16E-008-264-3.dwg,Presentación1,29/04/2020 11:47:15,CRJ,DWG To PDF.pc3,ISO full bleed A3 (420.00 x 297.00 MM),1:1,
C:\Users\CRJ\Documents\GitHub\RepoX304\626.16E-008 (F02)\626.16E-008-262-3.dwg,Presentación1,29/04/2020 11:48:17,CRJ,DWG To PDF.pc3,ISO full bleed A3 (420.00 x 297.00 MM),1:1,
C:\Users\CRJ\Documents\GitHub\RepoX304\626.16E-008 (F02)\626.16E-008-260-3.dwg,Presentación1,29/04/2020 11:49:09,CRJ,DWG To PDF.pc3,ISO full bleed A3 (420.00 x 297.00 MM),1:1,
C:\Users\CRJ\Documents\GitHub\RepoX304\626.16E-008 (F02)\626.16E-008-260-3.dwg,Presentación1,29/04/2020 11:49:27,CRJ,DWG To PDF.pc3,ISO full bleed A3 (420.00 x 297.00 MM),1:1,
C:\Users\CRJ\Documents\GitHub\RepoX304\626.16E-008 (F02)\626.16E-008-252-3.dwg,Presentación1,29/04/2020 11:50:19,CRJ,DWG To PDF.pc3,ISO full bleed A3 (420.00 x 297.00 MM),1:1,
C:\Users\CRJ\Documents\GitHub\RepoX304\626.16E-008 (F02)\626.16E-008-250-4.dwg,Presentación1,29/04/2020 11:51:13,CRJ,DWG To PDF.pc3,ISO full bleed A3 (420.00 x 297.00 MM),1:1,
C:\Users\CRJ\Documents\GitHub\RepoX304\626.16E-008 (F02)\626.16E-008-278-3.dwg,Presentación1,29/04/2020 11:52:15,CRJ,DWG To PDF.pc3,ISO full bleed A3 (420.00 x 297.00 MM),1:1,
C:\Users\CRJ\Documents\GitHub\RepoX304\626.16E-008 (F02)\626.16E-008-298-3.dwg,Presentación1,29/04/2020 11:53:37,CRJ,DWG To PDF.pc3,ISO full bleed A3 (420.00 x 297.00 MM),1:1,
C:\Users\CRJ\Documents\GitHub\RepoX304\626.16E-008 (F02)\626.16E-008-296-4.dwg,Presentación1,29/04/2020 11:54:32,CRJ,DWG To PDF.pc3,ISO full bleed A3 (420.00 x 297.00 MM),1:1,
C:\Users\CRJ\Documents\GitHub\RepoX304\626.16E-008 (F02)\626.16E-008-294-4.dwg,Presentación1,29/04/2020 11:55:45,CRJ,DWG To PDF.pc3,ISO full bleed A3 (420.00 x 297.00 MM),1:1,
C:\Users\CRJ\Documents\GitHub\RepoX304\626.16E-008 (F02)\626.16E-008-292-5.dwg,Presentación1,29/04/2020 11:56:00,CRJ,DWG To PDF.pc3,ISO full bleed A3 (420.00 x 297.00 MM),1:1,
C:\Users\CRJ\Documents\GitHub\RepoX304\626.16E-008 (F02)\626.16E-008-290-4.dwg,Presentación1,29/04/2020 11:57:07,CRJ,DWG To PDF.pc3,ISO full bleed A3 (420.00 x 297.00 MM),1:1,
C:\Users\CRJ\Documents\GitHub\RepoX304\626.16E-008 (F02)\626.16E-008-288-3.dwg,Presentación1,29/04/2020 11:58:17,CRJ,DWG To PDF.pc3,ISO full bleed A3 (420.00 x 297.00 MM),1:1,
C:\Users\CRJ\Documents\GitHub\RepoX304\626.16E-008 (F02)\626.16E-008-286-3.DWG,Presentación1,29/04/2020 11:59:24,CRJ,DWG To PDF.pc3,ISO full bleed A3 (420.00 x 297.00 MM),1:1,
C:\Users\CRJ\Documents\GitHub\RepoX304\626.16E-008 (F02)\626.16E-008-284-3.dwg,Presentación1,29/04/2020 12:00:24,CRJ,DWG To PDF.pc3,ISO full bleed A3 (420.00 x 297.00 MM),1:1,
C:\Users\CRJ\Documents\GitHub\RepoX304\626.16E-008 (F02)\626.16E-008-283-3.dwg,Presentación1,29/04/2020 12:01:52,CRJ,DWG To PDF.pc3,ISO full bleed A3 (420.00 x 297.00 MM),1:1,
C:\Users\CRJ\Documents\GitHub\RepoX304\626.16E-008 (F02)\626.16E-008-282-3.dwg,Presentación1,29/04/2020 12:02:48,CRJ,DWG To PDF.pc3,ISO full bleed A3 (420.00 x 297.00 MM),1:1,
C:\Users\CRJ\Documents\GitHub\RepoX304\626.16E-008 (F02)\626.16E-008-280-3.dwg,Presentación1,29/04/2020 12:03:37,CRJ,DWG To PDF.pc3,ISO full bleed A3 (420.00 x 297.00 MM),1:1,
C:\Users\CRJ\Documents\GitHub\RepoX304\626.16E-008 (F02)\626.16E-008-300-3.dwg,Presentación1,29/04/2020 12:04:42,CRJ,DWG To PDF.pc3,ISO full bleed A3 (420.00 x 297.00 MM),1:1,
E:\ESPACIO DE TRABAJO\X304 - L50\PLanos\626.16E-007 (L50)\626.16E-007-063-2.DWG,Model,29/04/2020 14:16:22,CRJ,DWG To PDF.pc3,ISO full bleed A3 (420.00 x 297.00 MM),1:1,
